<?xml version="1.0" encoding="UTF-8"?>
<TestRun id="4a32f231-38f5-4b6f-ad41-59813da91657" name="Виталий@BIT 2013-11-23 13:42:06" runUser="BIT\Виталий" xmlns="http://microsoft.com/schemas/VisualStudio/TeamTest/2010">
  <TestSettings name="Локальные" id="43e8f2e4-915d-42ee-9caa-1579fa5403cf">
    <Description>Это - параметры по умолчанию для локального тестового запуска.</Description>
    <Deployment enabled="false" runDeploymentRoot="Виталий_BIT 2013-11-23 13_42_06">
      <DeploymentItem filename="D:\forgit\TPlab4\TPlab4\TPlab4\bin\Debug\TPlab4.exe" />
    </Deployment>
    <Execution>
      <TestTypeSpecific />
      <AgentRule name="Execution Agents">
      </AgentRule>
    </Execution>
  </TestSettings>
  <Times creation="2013-11-23T13:42:06.2780659+03:00" queuing="2013-11-23T13:42:06.3830719+03:00" start="2013-11-23T13:42:06.4610764+03:00" finish="2013-11-23T13:42:07.8481557+03:00" />
  <ResultSummary outcome="Completed">
    <Counters total="12" executed="12" passed="12" error="0" failed="0" timeout="0" aborted="0" inconclusive="0" passedButRunAborted="0" notRunnable="0" notExecuted="0" disconnected="0" warning="0" completed="0" inProgress="0" pending="0" />
  </ResultSummary>
  <TestDefinitions>
    <UnitTest name="TestATMLogInOff" storage="d:\forgit\tplab4\tplab4\testtplab4\bin\debug\testtplab4.dll" id="77936b30-9442-3998-04f5-ba329ad777f5">
      <Execution id="a1b9aea3-2e16-4470-92b8-3670d26e6ffa" />
      <TestMethod codeBase="D:/forgit/TPlab4/TPlab4/TestTPlab4/bin/Debug/TestTPlab4.DLL" adapterTypeName="Microsoft.VisualStudio.TestTools.TestTypes.Unit.UnitTestAdapter, Microsoft.VisualStudio.QualityTools.Tips.UnitTest.Adapter, Version=10.0.0.0, Culture=neutral, PublicKeyToken=b03f5f7f11d50a3a" className="TestTPlab4.ATMTest, TestTPlab4, Version=1.0.0.0, Culture=neutral, PublicKeyToken=null" name="TestATMLogInOff" />
    </UnitTest>
    <UnitTest name="TestMonthPass" storage="d:\forgit\tplab4\tplab4\testtplab4\bin\debug\testtplab4.dll" id="134de63e-aad1-5759-9f27-d2edfad63ae1">
      <Execution id="0840c90d-040c-471c-b38e-2f6de0c89ea6" />
      <TestMethod codeBase="D:/forgit/TPlab4/TPlab4/TestTPlab4/bin/Debug/TestTPlab4.DLL" adapterTypeName="Microsoft.VisualStudio.TestTools.TestTypes.Unit.UnitTestAdapter, Microsoft.VisualStudio.QualityTools.Tips.UnitTest.Adapter, Version=10.0.0.0, Culture=neutral, PublicKeyToken=b03f5f7f11d50a3a" className="TestTPlab4.CheckingAccountTest, TestTPlab4, Version=1.0.0.0, Culture=neutral, PublicKeyToken=null" name="TestMonthPass" />
    </UnitTest>
    <UnitTest name="TestTakeFunds" storage="d:\forgit\tplab4\tplab4\testtplab4\bin\debug\testtplab4.dll" id="bf980352-5ee3-aeef-e438-339ad2c18c5e">
      <Execution id="7ec335aa-51e0-40eb-bddf-04a0f3cb5ff0" />
      <TestMethod codeBase="D:/forgit/TPlab4/TPlab4/TestTPlab4/bin/Debug/TestTPlab4.DLL" adapterTypeName="Microsoft.VisualStudio.TestTools.TestTypes.Unit.UnitTestAdapter, Microsoft.VisualStudio.QualityTools.Tips.UnitTest.Adapter, Version=10.0.0.0, Culture=neutral, PublicKeyToken=b03f5f7f11d50a3a" className="TestTPlab4.AccountTest, TestTPlab4, Version=1.0.0.0, Culture=neutral, PublicKeyToken=null" name="TestTakeFunds" />
    </UnitTest>
    <UnitTest name="TestTakeZeroMoney" storage="d:\forgit\tplab4\tplab4\testtplab4\bin\debug\testtplab4.dll" id="4a6e3c2a-cdff-cb44-bfce-b966fe7f4e92">
      <Execution id="5dcfd3eb-5de3-42ac-a7ea-6866f7d540c6" />
      <TestMethod codeBase="D:/forgit/TPlab4/TPlab4/TestTPlab4/bin/Debug/TestTPlab4.DLL" adapterTypeName="Microsoft.VisualStudio.TestTools.TestTypes.Unit.UnitTestAdapter, Microsoft.VisualStudio.QualityTools.Tips.UnitTest.Adapter, Version=10.0.0.0, Culture=neutral, PublicKeyToken=b03f5f7f11d50a3a" className="TestTPlab4.AccountTest, TestTPlab4, Version=1.0.0.0, Culture=neutral, PublicKeyToken=null" name="TestTakeZeroMoney" />
    </UnitTest>
    <UnitTest name="TestAddMoney" storage="d:\forgit\tplab4\tplab4\testtplab4\bin\debug\testtplab4.dll" id="4297d39c-ba23-cf48-9be0-9e7a29dc828e">
      <Execution id="a7545fb2-4c55-4e0c-b011-db93c8d8e444" />
      <TestMethod codeBase="D:/forgit/TPlab4/TPlab4/TestTPlab4/bin/Debug/TestTPlab4.DLL" adapterTypeName="Microsoft.VisualStudio.TestTools.TestTypes.Unit.UnitTestAdapter, Microsoft.VisualStudio.QualityTools.Tips.UnitTest.Adapter, Version=10.0.0.0, Culture=neutral, PublicKeyToken=b03f5f7f11d50a3a" className="TestTPlab4.AccountTest, TestTPlab4, Version=1.0.0.0, Culture=neutral, PublicKeyToken=null" name="TestAddMoney" />
    </UnitTest>
    <UnitTest name="TestTakeFunds" storage="d:\forgit\tplab4\tplab4\testtplab4\bin\debug\testtplab4.dll" id="3018a74a-aebd-e8ea-8854-914e2e810251">
      <Execution id="53bb3296-209b-4509-acfd-d58d31cc232d" />
      <TestMethod codeBase="D:/forgit/TPlab4/TPlab4/TestTPlab4/bin/Debug/TestTPlab4.DLL" adapterTypeName="Microsoft.VisualStudio.TestTools.TestTypes.Unit.UnitTestAdapter, Microsoft.VisualStudio.QualityTools.Tips.UnitTest.Adapter, Version=10.0.0.0, Culture=neutral, PublicKeyToken=b03f5f7f11d50a3a" className="TestTPlab4.SavingAccountTest, TestTPlab4, Version=1.0.0.0, Culture=neutral, PublicKeyToken=null" name="TestTakeFunds" />
    </UnitTest>
    <UnitTest name="TestDateMoney" storage="d:\forgit\tplab4\tplab4\testtplab4\bin\debug\testtplab4.dll" id="15925deb-0134-a919-246b-03b0252e204b">
      <Execution id="6dfeab2f-83da-4ebc-b760-f13cc40d6409" />
      <TestMethod codeBase="D:/forgit/TPlab4/TPlab4/TestTPlab4/bin/Debug/TestTPlab4.DLL" adapterTypeName="Microsoft.VisualStudio.TestTools.TestTypes.Unit.UnitTestAdapter, Microsoft.VisualStudio.QualityTools.Tips.UnitTest.Adapter, Version=10.0.0.0, Culture=neutral, PublicKeyToken=b03f5f7f11d50a3a" className="TestTPlab4.TimedRepaidTest, TestTPlab4, Version=1.0.0.0, Culture=neutral, PublicKeyToken=null" name="TestDateMoney" />
    </UnitTest>
    <UnitTest name="TestTakeMoneyPercent" storage="d:\forgit\tplab4\tplab4\testtplab4\bin\debug\testtplab4.dll" id="2cb3dac5-421b-f517-e35a-2ac9cdc35e40">
      <Execution id="ae9ee0bf-d32b-4dcd-8ee2-31d98cf28a5e" />
      <TestMethod codeBase="D:/forgit/TPlab4/TPlab4/TestTPlab4/bin/Debug/TestTPlab4.DLL" adapterTypeName="Microsoft.VisualStudio.TestTools.TestTypes.Unit.UnitTestAdapter, Microsoft.VisualStudio.QualityTools.Tips.UnitTest.Adapter, Version=10.0.0.0, Culture=neutral, PublicKeyToken=b03f5f7f11d50a3a" className="TestTPlab4.OverdraftAccountTest, TestTPlab4, Version=1.0.0.0, Culture=neutral, PublicKeyToken=null" name="TestTakeMoneyPercent" />
    </UnitTest>
    <UnitTest name="TestTakeMoney" storage="d:\forgit\tplab4\tplab4\testtplab4\bin\debug\testtplab4.dll" id="90ece50f-32a0-305a-c5ba-a5afc86a1422">
      <Execution id="6218e350-9ee1-4c62-8c44-f859b2f55666" />
      <TestMethod codeBase="D:/forgit/TPlab4/TPlab4/TestTPlab4/bin/Debug/TestTPlab4.DLL" adapterTypeName="Microsoft.VisualStudio.TestTools.TestTypes.Unit.UnitTestAdapter, Microsoft.VisualStudio.QualityTools.Tips.UnitTest.Adapter, Version=10.0.0.0, Culture=neutral, PublicKeyToken=b03f5f7f11d50a3a" className="TestTPlab4.AccountTest, TestTPlab4, Version=1.0.0.0, Culture=neutral, PublicKeyToken=null" name="TestTakeMoney" />
    </UnitTest>
    <UnitTest name="TestInvestFundZero" storage="d:\forgit\tplab4\tplab4\testtplab4\bin\debug\testtplab4.dll" id="dc03bd8b-a3d3-84c7-2cae-7cd37717ffb8">
      <Execution id="ec42742a-d508-47c8-b62c-283c72c72bbc" />
      <TestMethod codeBase="D:/forgit/TPlab4/TPlab4/TestTPlab4/bin/Debug/TestTPlab4.DLL" adapterTypeName="Microsoft.VisualStudio.TestTools.TestTypes.Unit.UnitTestAdapter, Microsoft.VisualStudio.QualityTools.Tips.UnitTest.Adapter, Version=10.0.0.0, Culture=neutral, PublicKeyToken=b03f5f7f11d50a3a" className="TestTPlab4.AccountTest, TestTPlab4, Version=1.0.0.0, Culture=neutral, PublicKeyToken=null" name="TestInvestFundZero" />
    </UnitTest>
    <UnitTest name="TestTakeZeroFunds" storage="d:\forgit\tplab4\tplab4\testtplab4\bin\debug\testtplab4.dll" id="300a8941-1e3c-e6eb-656a-297884e66cdc">
      <Execution id="12189ce4-f981-4a00-87f6-6eb47a683749" />
      <TestMethod codeBase="D:/forgit/TPlab4/TPlab4/TestTPlab4/bin/Debug/TestTPlab4.DLL" adapterTypeName="Microsoft.VisualStudio.TestTools.TestTypes.Unit.UnitTestAdapter, Microsoft.VisualStudio.QualityTools.Tips.UnitTest.Adapter, Version=10.0.0.0, Culture=neutral, PublicKeyToken=b03f5f7f11d50a3a" className="TestTPlab4.AccountTest, TestTPlab4, Version=1.0.0.0, Culture=neutral, PublicKeyToken=null" name="TestTakeZeroFunds" />
    </UnitTest>
    <UnitTest name="TestInvestFunds" storage="d:\forgit\tplab4\tplab4\testtplab4\bin\debug\testtplab4.dll" id="aaa4be66-c77a-afaf-81fb-d8c9c03b6403">
      <Execution id="9736347a-6a4e-4f86-8b2d-f844803ade69" />
      <TestMethod codeBase="D:/forgit/TPlab4/TPlab4/TestTPlab4/bin/Debug/TestTPlab4.DLL" adapterTypeName="Microsoft.VisualStudio.TestTools.TestTypes.Unit.UnitTestAdapter, Microsoft.VisualStudio.QualityTools.Tips.UnitTest.Adapter, Version=10.0.0.0, Culture=neutral, PublicKeyToken=b03f5f7f11d50a3a" className="TestTPlab4.AccountTest, TestTPlab4, Version=1.0.0.0, Culture=neutral, PublicKeyToken=null" name="TestInvestFunds" />
    </UnitTest>
  </TestDefinitions>
  <TestLists>
    <TestList name="Отсутствующие в списке результаты" id="8c84fa94-04c1-424b-9868-57a2d4851a1d" />
    <TestList name="Все загруженные результаты" id="19431567-8539-422a-85d7-44ee4e166bda" />
  </TestLists>
  <TestEntries>
    <TestEntry testId="134de63e-aad1-5759-9f27-d2edfad63ae1" executionId="0840c90d-040c-471c-b38e-2f6de0c89ea6" testListId="8c84fa94-04c1-424b-9868-57a2d4851a1d" />
    <TestEntry testId="15925deb-0134-a919-246b-03b0252e204b" executionId="6dfeab2f-83da-4ebc-b760-f13cc40d6409" testListId="8c84fa94-04c1-424b-9868-57a2d4851a1d" />
    <TestEntry testId="2cb3dac5-421b-f517-e35a-2ac9cdc35e40" executionId="ae9ee0bf-d32b-4dcd-8ee2-31d98cf28a5e" testListId="8c84fa94-04c1-424b-9868-57a2d4851a1d" />
    <TestEntry testId="300a8941-1e3c-e6eb-656a-297884e66cdc" executionId="12189ce4-f981-4a00-87f6-6eb47a683749" testListId="8c84fa94-04c1-424b-9868-57a2d4851a1d" />
    <TestEntry testId="3018a74a-aebd-e8ea-8854-914e2e810251" executionId="53bb3296-209b-4509-acfd-d58d31cc232d" testListId="8c84fa94-04c1-424b-9868-57a2d4851a1d" />
    <TestEntry testId="4297d39c-ba23-cf48-9be0-9e7a29dc828e" executionId="a7545fb2-4c55-4e0c-b011-db93c8d8e444" testListId="8c84fa94-04c1-424b-9868-57a2d4851a1d" />
    <TestEntry testId="4a6e3c2a-cdff-cb44-bfce-b966fe7f4e92" executionId="5dcfd3eb-5de3-42ac-a7ea-6866f7d540c6" testListId="8c84fa94-04c1-424b-9868-57a2d4851a1d" />
    <TestEntry testId="77936b30-9442-3998-04f5-ba329ad777f5" executionId="a1b9aea3-2e16-4470-92b8-3670d26e6ffa" testListId="8c84fa94-04c1-424b-9868-57a2d4851a1d" />
    <TestEntry testId="90ece50f-32a0-305a-c5ba-a5afc86a1422" executionId="6218e350-9ee1-4c62-8c44-f859b2f55666" testListId="8c84fa94-04c1-424b-9868-57a2d4851a1d" />
    <TestEntry testId="aaa4be66-c77a-afaf-81fb-d8c9c03b6403" executionId="9736347a-6a4e-4f86-8b2d-f844803ade69" testListId="8c84fa94-04c1-424b-9868-57a2d4851a1d" />
    <TestEntry testId="bf980352-5ee3-aeef-e438-339ad2c18c5e" executionId="7ec335aa-51e0-40eb-bddf-04a0f3cb5ff0" testListId="8c84fa94-04c1-424b-9868-57a2d4851a1d" />
    <TestEntry testId="dc03bd8b-a3d3-84c7-2cae-7cd37717ffb8" executionId="ec42742a-d508-47c8-b62c-283c72c72bbc" testListId="8c84fa94-04c1-424b-9868-57a2d4851a1d" />
  </TestEntries>
  <Results>
    <UnitTestResult executionId="0840c90d-040c-471c-b38e-2f6de0c89ea6" testId="134de63e-aad1-5759-9f27-d2edfad63ae1" testName="TestMonthPass" computerName="BIT" duration="00:00:00.0800146" startTime="2013-11-23T13:42:06.4850778+03:00" endTime="2013-11-23T13:42:07.3901295+03:00" testType="13cdc9d9-ddb5-4fa4-a97d-d965ccfc6d4b" outcome="Passed" testListId="8c84fa94-04c1-424b-9868-57a2d4851a1d" relativeResultsDirectory="0840c90d-040c-471c-b38e-2f6de0c89ea6">
    </UnitTestResult>
    <UnitTestResult executionId="6dfeab2f-83da-4ebc-b760-f13cc40d6409" testId="15925deb-0134-a919-246b-03b0252e204b" testName="TestDateMoney" computerName="BIT" duration="00:00:00.0055223" startTime="2013-11-23T13:42:07.4161310+03:00" endTime="2013-11-23T13:42:07.4421325+03:00" testType="13cdc9d9-ddb5-4fa4-a97d-d965ccfc6d4b" outcome="Passed" testListId="8c84fa94-04c1-424b-9868-57a2d4851a1d" relativeResultsDirectory="6dfeab2f-83da-4ebc-b760-f13cc40d6409">
    </UnitTestResult>
    <UnitTestResult executionId="ae9ee0bf-d32b-4dcd-8ee2-31d98cf28a5e" testId="2cb3dac5-421b-f517-e35a-2ac9cdc35e40" testName="TestTakeMoneyPercent" computerName="BIT" duration="00:00:00.0129091" startTime="2013-11-23T13:42:07.4501329+03:00" endTime="2013-11-23T13:42:07.5081363+03:00" testType="13cdc9d9-ddb5-4fa4-a97d-d965ccfc6d4b" outcome="Passed" testListId="8c84fa94-04c1-424b-9868-57a2d4851a1d" relativeResultsDirectory="ae9ee0bf-d32b-4dcd-8ee2-31d98cf28a5e">
    </UnitTestResult>
    <UnitTestResult executionId="12189ce4-f981-4a00-87f6-6eb47a683749" testId="300a8941-1e3c-e6eb-656a-297884e66cdc" testName="TestTakeZeroFunds" computerName="BIT" duration="00:00:00.0013126" startTime="2013-11-23T13:42:07.5131366+03:00" endTime="2013-11-23T13:42:07.5341378+03:00" testType="13cdc9d9-ddb5-4fa4-a97d-d965ccfc6d4b" outcome="Passed" testListId="8c84fa94-04c1-424b-9868-57a2d4851a1d" relativeResultsDirectory="12189ce4-f981-4a00-87f6-6eb47a683749">
    </UnitTestResult>
    <UnitTestResult executionId="53bb3296-209b-4509-acfd-d58d31cc232d" testId="3018a74a-aebd-e8ea-8854-914e2e810251" testName="TestTakeFunds" computerName="BIT" duration="00:00:00.0042238" startTime="2013-11-23T13:42:07.5431383+03:00" endTime="2013-11-23T13:42:07.5761402+03:00" testType="13cdc9d9-ddb5-4fa4-a97d-d965ccfc6d4b" outcome="Passed" testListId="8c84fa94-04c1-424b-9868-57a2d4851a1d" relativeResultsDirectory="53bb3296-209b-4509-acfd-d58d31cc232d">
    </UnitTestResult>
    <UnitTestResult executionId="a7545fb2-4c55-4e0c-b011-db93c8d8e444" testId="4297d39c-ba23-cf48-9be0-9e7a29dc828e" testName="TestAddMoney" computerName="BIT" duration="00:00:00.0010585" startTime="2013-11-23T13:42:07.5881408+03:00" endTime="2013-11-23T13:42:07.6201427+03:00" testType="13cdc9d9-ddb5-4fa4-a97d-d965ccfc6d4b" outcome="Passed" testListId="8c84fa94-04c1-424b-9868-57a2d4851a1d" relativeResultsDirectory="a7545fb2-4c55-4e0c-b011-db93c8d8e444">
    </UnitTestResult>
    <UnitTestResult executionId="5dcfd3eb-5de3-42ac-a7ea-6866f7d540c6" testId="4a6e3c2a-cdff-cb44-bfce-b966fe7f4e92" testName="TestTakeZeroMoney" computerName="BIT" duration="00:00:00.0007230" startTime="2013-11-23T13:42:07.6331434+03:00" endTime="2013-11-23T13:42:07.6591449+03:00" testType="13cdc9d9-ddb5-4fa4-a97d-d965ccfc6d4b" outcome="Passed" testListId="8c84fa94-04c1-424b-9868-57a2d4851a1d" relativeResultsDirectory="5dcfd3eb-5de3-42ac-a7ea-6866f7d540c6">
    </UnitTestResult>
    <UnitTestResult executionId="a1b9aea3-2e16-4470-92b8-3670d26e6ffa" testId="77936b30-9442-3998-04f5-ba329ad777f5" testName="TestATMLogInOff" computerName="BIT" duration="00:00:00.0076914" startTime="2013-11-23T13:42:07.6661453+03:00" endTime="2013-11-23T13:42:07.6921468+03:00" testType="13cdc9d9-ddb5-4fa4-a97d-d965ccfc6d4b" outcome="Passed" testListId="8c84fa94-04c1-424b-9868-57a2d4851a1d" relativeResultsDirectory="a1b9aea3-2e16-4470-92b8-3670d26e6ffa">
    </UnitTestResult>
    <UnitTestResult executionId="6218e350-9ee1-4c62-8c44-f859b2f55666" testId="90ece50f-32a0-305a-c5ba-a5afc86a1422" testName="TestTakeMoney" computerName="BIT" duration="00:00:00.0008067" startTime="2013-11-23T13:42:07.6981471+03:00" endTime="2013-11-23T13:42:07.7191483+03:00" testType="13cdc9d9-ddb5-4fa4-a97d-d965ccfc6d4b" outcome="Passed" testListId="8c84fa94-04c1-424b-9868-57a2d4851a1d" relativeResultsDirectory="6218e350-9ee1-4c62-8c44-f859b2f55666">
    </UnitTestResult>
    <UnitTestResult executionId="9736347a-6a4e-4f86-8b2d-f844803ade69" testId="aaa4be66-c77a-afaf-81fb-d8c9c03b6403" testName="TestInvestFunds" computerName="BIT" duration="00:00:00.0007506" startTime="2013-11-23T13:42:07.7241486+03:00" endTime="2013-11-23T13:42:07.7461499+03:00" testType="13cdc9d9-ddb5-4fa4-a97d-d965ccfc6d4b" outcome="Passed" testListId="8c84fa94-04c1-424b-9868-57a2d4851a1d" relativeResultsDirectory="9736347a-6a4e-4f86-8b2d-f844803ade69">
    </UnitTestResult>
    <UnitTestResult executionId="7ec335aa-51e0-40eb-bddf-04a0f3cb5ff0" testId="bf980352-5ee3-aeef-e438-339ad2c18c5e" testName="TestTakeFunds" computerName="BIT" duration="00:00:00.0007419" startTime="2013-11-23T13:42:07.7511502+03:00" endTime="2013-11-23T13:42:07.7711513+03:00" testType="13cdc9d9-ddb5-4fa4-a97d-d965ccfc6d4b" outcome="Passed" testListId="8c84fa94-04c1-424b-9868-57a2d4851a1d" relativeResultsDirectory="7ec335aa-51e0-40eb-bddf-04a0f3cb5ff0">
    </UnitTestResult>
    <UnitTestResult executionId="ec42742a-d508-47c8-b62c-283c72c72bbc" testId="dc03bd8b-a3d3-84c7-2cae-7cd37717ffb8" testName="TestInvestFundZero" computerName="BIT" duration="00:00:00.0007325" startTime="2013-11-23T13:42:07.7761516+03:00" endTime="2013-11-23T13:42:07.7961527+03:00" testType="13cdc9d9-ddb5-4fa4-a97d-d965ccfc6d4b" outcome="Passed" testListId="8c84fa94-04c1-424b-9868-57a2d4851a1d" relativeResultsDirectory="ec42742a-d508-47c8-b62c-283c72c72bbc">
    </UnitTestResult>
  </Results>
</TestRun>