<?xml version="1.0" encoding="UTF-8"?>
<TestRun id="6c3e28f8-26e3-463a-8222-c44d1bcdf2ad" name="Виталий@BIT 2013-11-23 11:26:11" runUser="BIT\Виталий" xmlns="http://microsoft.com/schemas/VisualStudio/TeamTest/2010">
  <TestSettings name="Локальные" id="43e8f2e4-915d-42ee-9caa-1579fa5403cf">
    <Description>Это - параметры по умолчанию для локального тестового запуска.</Description>
    <Deployment enabled="false" runDeploymentRoot="Виталий_BIT 2013-11-23 11_26_11">
      <DeploymentItem filename="D:\forgit\TPlab4\TPlab4\TPlab4\bin\Debug\TPlab4.exe" />
    </Deployment>
    <Execution>
      <TestTypeSpecific />
      <AgentRule name="Execution Agents">
      </AgentRule>
    </Execution>
  </TestSettings>
  <Times creation="2013-11-23T11:26:11.0970671+03:00" queuing="2013-11-23T11:26:14.6692714+03:00" start="2013-11-23T11:26:14.8932842+03:00" finish="2013-11-23T11:26:16.9414014+03:00" />
  <ResultSummary outcome="Completed">
    <Counters total="12" executed="12" passed="12" error="0" failed="0" timeout="0" aborted="0" inconclusive="0" passedButRunAborted="0" notRunnable="0" notExecuted="0" disconnected="0" warning="0" completed="0" inProgress="0" pending="0" />
  </ResultSummary>
  <TestDefinitions>
    <UnitTest name="TestTakeMoneyPercent" storage="d:\forgit\tplab4\tplab4\testtplab4\bin\debug\testtplab4.dll" id="2cb3dac5-421b-f517-e35a-2ac9cdc35e40">
      <Execution id="d4c0eea3-fb31-478c-a4a4-f2a689d0db5c" />
      <TestMethod codeBase="D:/forgit/TPlab4/TPlab4/TestTPlab4/bin/Debug/TestTPlab4.DLL" adapterTypeName="Microsoft.VisualStudio.TestTools.TestTypes.Unit.UnitTestAdapter, Microsoft.VisualStudio.QualityTools.Tips.UnitTest.Adapter, Version=10.0.0.0, Culture=neutral, PublicKeyToken=b03f5f7f11d50a3a" className="TestTPlab4.OverdraftAccountTest, TestTPlab4, Version=1.0.0.0, Culture=neutral, PublicKeyToken=null" name="TestTakeMoneyPercent" />
    </UnitTest>
    <UnitTest name="TestATMLogInOff" storage="d:\forgit\tplab4\tplab4\testtplab4\bin\debug\testtplab4.dll" id="77936b30-9442-3998-04f5-ba329ad777f5">
      <Execution id="60e82829-6bcb-4bdc-b105-d0fcd310083d" />
      <TestMethod codeBase="D:/forgit/TPlab4/TPlab4/TestTPlab4/bin/Debug/TestTPlab4.DLL" adapterTypeName="Microsoft.VisualStudio.TestTools.TestTypes.Unit.UnitTestAdapter, Microsoft.VisualStudio.QualityTools.Tips.UnitTest.Adapter, Version=10.0.0.0, Culture=neutral, PublicKeyToken=b03f5f7f11d50a3a" className="TestTPlab4.ATMTest, TestTPlab4, Version=1.0.0.0, Culture=neutral, PublicKeyToken=null" name="TestATMLogInOff" />
    </UnitTest>
    <UnitTest name="TestAddMoney" storage="d:\forgit\tplab4\tplab4\testtplab4\bin\debug\testtplab4.dll" id="4297d39c-ba23-cf48-9be0-9e7a29dc828e">
      <Execution id="71d8e644-67f5-4e2d-8230-acf2ea59a353" />
      <TestMethod codeBase="D:/forgit/TPlab4/TPlab4/TestTPlab4/bin/Debug/TestTPlab4.DLL" adapterTypeName="Microsoft.VisualStudio.TestTools.TestTypes.Unit.UnitTestAdapter, Microsoft.VisualStudio.QualityTools.Tips.UnitTest.Adapter, Version=10.0.0.0, Culture=neutral, PublicKeyToken=b03f5f7f11d50a3a" className="TestTPlab4.AccountTest, TestTPlab4, Version=1.0.0.0, Culture=neutral, PublicKeyToken=null" name="TestAddMoney" />
    </UnitTest>
    <UnitTest name="TestTakeFunds" storage="d:\forgit\tplab4\tplab4\testtplab4\bin\debug\testtplab4.dll" id="bf980352-5ee3-aeef-e438-339ad2c18c5e">
      <Execution id="3e55b00d-c039-4a76-b5d4-6ce119e68ca1" />
      <TestMethod codeBase="D:/forgit/TPlab4/TPlab4/TestTPlab4/bin/Debug/TestTPlab4.DLL" adapterTypeName="Microsoft.VisualStudio.TestTools.TestTypes.Unit.UnitTestAdapter, Microsoft.VisualStudio.QualityTools.Tips.UnitTest.Adapter, Version=10.0.0.0, Culture=neutral, PublicKeyToken=b03f5f7f11d50a3a" className="TestTPlab4.AccountTest, TestTPlab4, Version=1.0.0.0, Culture=neutral, PublicKeyToken=null" name="TestTakeFunds" />
    </UnitTest>
    <UnitTest name="TestTakeZeroMoney" storage="d:\forgit\tplab4\tplab4\testtplab4\bin\debug\testtplab4.dll" id="4a6e3c2a-cdff-cb44-bfce-b966fe7f4e92">
      <Execution id="fe121438-a66e-4d44-b531-a69941e93a38" />
      <TestMethod codeBase="D:/forgit/TPlab4/TPlab4/TestTPlab4/bin/Debug/TestTPlab4.DLL" adapterTypeName="Microsoft.VisualStudio.TestTools.TestTypes.Unit.UnitTestAdapter, Microsoft.VisualStudio.QualityTools.Tips.UnitTest.Adapter, Version=10.0.0.0, Culture=neutral, PublicKeyToken=b03f5f7f11d50a3a" className="TestTPlab4.AccountTest, TestTPlab4, Version=1.0.0.0, Culture=neutral, PublicKeyToken=null" name="TestTakeZeroMoney" />
    </UnitTest>
    <UnitTest name="TestTakeFunds" storage="d:\forgit\tplab4\tplab4\testtplab4\bin\debug\testtplab4.dll" id="3018a74a-aebd-e8ea-8854-914e2e810251">
      <Execution id="eaead9e8-31d9-49bc-9729-5bb8880112c3" />
      <TestMethod codeBase="D:/forgit/TPlab4/TPlab4/TestTPlab4/bin/Debug/TestTPlab4.DLL" adapterTypeName="Microsoft.VisualStudio.TestTools.TestTypes.Unit.UnitTestAdapter, Microsoft.VisualStudio.QualityTools.Tips.UnitTest.Adapter, Version=10.0.0.0, Culture=neutral, PublicKeyToken=b03f5f7f11d50a3a" className="TestTPlab4.SavingAccountTest, TestTPlab4, Version=1.0.0.0, Culture=neutral, PublicKeyToken=null" name="TestTakeFunds" />
    </UnitTest>
    <UnitTest name="TestTakeMoney" storage="d:\forgit\tplab4\tplab4\testtplab4\bin\debug\testtplab4.dll" id="90ece50f-32a0-305a-c5ba-a5afc86a1422">
      <Execution id="3b480267-10db-43f2-b979-188d70afe12e" />
      <TestMethod codeBase="D:/forgit/TPlab4/TPlab4/TestTPlab4/bin/Debug/TestTPlab4.DLL" adapterTypeName="Microsoft.VisualStudio.TestTools.TestTypes.Unit.UnitTestAdapter, Microsoft.VisualStudio.QualityTools.Tips.UnitTest.Adapter, Version=10.0.0.0, Culture=neutral, PublicKeyToken=b03f5f7f11d50a3a" className="TestTPlab4.AccountTest, TestTPlab4, Version=1.0.0.0, Culture=neutral, PublicKeyToken=null" name="TestTakeMoney" />
    </UnitTest>
    <UnitTest name="TestDateMoney" storage="d:\forgit\tplab4\tplab4\testtplab4\bin\debug\testtplab4.dll" id="15925deb-0134-a919-246b-03b0252e204b">
      <Execution id="363fc73e-7556-4f1b-848e-ecf12a72764d" />
      <TestMethod codeBase="D:/forgit/TPlab4/TPlab4/TestTPlab4/bin/Debug/TestTPlab4.DLL" adapterTypeName="Microsoft.VisualStudio.TestTools.TestTypes.Unit.UnitTestAdapter, Microsoft.VisualStudio.QualityTools.Tips.UnitTest.Adapter, Version=10.0.0.0, Culture=neutral, PublicKeyToken=b03f5f7f11d50a3a" className="TestTPlab4.TimedRepaidTest, TestTPlab4, Version=1.0.0.0, Culture=neutral, PublicKeyToken=null" name="TestDateMoney" />
    </UnitTest>
    <UnitTest name="TestMonthPass" storage="d:\forgit\tplab4\tplab4\testtplab4\bin\debug\testtplab4.dll" id="134de63e-aad1-5759-9f27-d2edfad63ae1">
      <Execution id="a6ae9982-d69e-4615-80aa-19bc9668aece" />
      <TestMethod codeBase="D:/forgit/TPlab4/TPlab4/TestTPlab4/bin/Debug/TestTPlab4.DLL" adapterTypeName="Microsoft.VisualStudio.TestTools.TestTypes.Unit.UnitTestAdapter, Microsoft.VisualStudio.QualityTools.Tips.UnitTest.Adapter, Version=10.0.0.0, Culture=neutral, PublicKeyToken=b03f5f7f11d50a3a" className="TestTPlab4.CheckingAccountTest, TestTPlab4, Version=1.0.0.0, Culture=neutral, PublicKeyToken=null" name="TestMonthPass" />
    </UnitTest>
    <UnitTest name="TestInvestFundZero" storage="d:\forgit\tplab4\tplab4\testtplab4\bin\debug\testtplab4.dll" id="dc03bd8b-a3d3-84c7-2cae-7cd37717ffb8">
      <Execution id="b30f0d61-b48e-42ab-ba69-b4f88d05b7ee" />
      <TestMethod codeBase="D:/forgit/TPlab4/TPlab4/TestTPlab4/bin/Debug/TestTPlab4.DLL" adapterTypeName="Microsoft.VisualStudio.TestTools.TestTypes.Unit.UnitTestAdapter, Microsoft.VisualStudio.QualityTools.Tips.UnitTest.Adapter, Version=10.0.0.0, Culture=neutral, PublicKeyToken=b03f5f7f11d50a3a" className="TestTPlab4.AccountTest, TestTPlab4, Version=1.0.0.0, Culture=neutral, PublicKeyToken=null" name="TestInvestFundZero" />
    </UnitTest>
    <UnitTest name="TestTakeZeroFunds" storage="d:\forgit\tplab4\tplab4\testtplab4\bin\debug\testtplab4.dll" id="300a8941-1e3c-e6eb-656a-297884e66cdc">
      <Execution id="2a7e1b70-3119-46c6-a6e4-8c643e4c2b4f" />
      <TestMethod codeBase="D:/forgit/TPlab4/TPlab4/TestTPlab4/bin/Debug/TestTPlab4.DLL" adapterTypeName="Microsoft.VisualStudio.TestTools.TestTypes.Unit.UnitTestAdapter, Microsoft.VisualStudio.QualityTools.Tips.UnitTest.Adapter, Version=10.0.0.0, Culture=neutral, PublicKeyToken=b03f5f7f11d50a3a" className="TestTPlab4.AccountTest, TestTPlab4, Version=1.0.0.0, Culture=neutral, PublicKeyToken=null" name="TestTakeZeroFunds" />
    </UnitTest>
    <UnitTest name="TestInvestFunds" storage="d:\forgit\tplab4\tplab4\testtplab4\bin\debug\testtplab4.dll" id="aaa4be66-c77a-afaf-81fb-d8c9c03b6403">
      <Execution id="96e2063b-e8c7-46da-b8c5-4b8846407583" />
      <TestMethod codeBase="D:/forgit/TPlab4/TPlab4/TestTPlab4/bin/Debug/TestTPlab4.DLL" adapterTypeName="Microsoft.VisualStudio.TestTools.TestTypes.Unit.UnitTestAdapter, Microsoft.VisualStudio.QualityTools.Tips.UnitTest.Adapter, Version=10.0.0.0, Culture=neutral, PublicKeyToken=b03f5f7f11d50a3a" className="TestTPlab4.AccountTest, TestTPlab4, Version=1.0.0.0, Culture=neutral, PublicKeyToken=null" name="TestInvestFunds" />
    </UnitTest>
  </TestDefinitions>
  <TestLists>
    <TestList name="Отсутствующие в списке результаты" id="8c84fa94-04c1-424b-9868-57a2d4851a1d" />
    <TestList name="Все загруженные результаты" id="19431567-8539-422a-85d7-44ee4e166bda" />
  </TestLists>
  <TestEntries>
    <TestEntry testId="15925deb-0134-a919-246b-03b0252e204b" executionId="363fc73e-7556-4f1b-848e-ecf12a72764d" testListId="8c84fa94-04c1-424b-9868-57a2d4851a1d" />
    <TestEntry testId="4a6e3c2a-cdff-cb44-bfce-b966fe7f4e92" executionId="fe121438-a66e-4d44-b531-a69941e93a38" testListId="8c84fa94-04c1-424b-9868-57a2d4851a1d" />
    <TestEntry testId="300a8941-1e3c-e6eb-656a-297884e66cdc" executionId="2a7e1b70-3119-46c6-a6e4-8c643e4c2b4f" testListId="8c84fa94-04c1-424b-9868-57a2d4851a1d" />
    <TestEntry testId="dc03bd8b-a3d3-84c7-2cae-7cd37717ffb8" executionId="b30f0d61-b48e-42ab-ba69-b4f88d05b7ee" testListId="8c84fa94-04c1-424b-9868-57a2d4851a1d" />
    <TestEntry testId="4297d39c-ba23-cf48-9be0-9e7a29dc828e" executionId="71d8e644-67f5-4e2d-8230-acf2ea59a353" testListId="8c84fa94-04c1-424b-9868-57a2d4851a1d" />
    <TestEntry testId="90ece50f-32a0-305a-c5ba-a5afc86a1422" executionId="3b480267-10db-43f2-b979-188d70afe12e" testListId="8c84fa94-04c1-424b-9868-57a2d4851a1d" />
    <TestEntry testId="aaa4be66-c77a-afaf-81fb-d8c9c03b6403" executionId="96e2063b-e8c7-46da-b8c5-4b8846407583" testListId="8c84fa94-04c1-424b-9868-57a2d4851a1d" />
    <TestEntry testId="bf980352-5ee3-aeef-e438-339ad2c18c5e" executionId="3e55b00d-c039-4a76-b5d4-6ce119e68ca1" testListId="8c84fa94-04c1-424b-9868-57a2d4851a1d" />
    <TestEntry testId="134de63e-aad1-5759-9f27-d2edfad63ae1" executionId="a6ae9982-d69e-4615-80aa-19bc9668aece" testListId="8c84fa94-04c1-424b-9868-57a2d4851a1d" />
    <TestEntry testId="77936b30-9442-3998-04f5-ba329ad777f5" executionId="60e82829-6bcb-4bdc-b105-d0fcd310083d" testListId="8c84fa94-04c1-424b-9868-57a2d4851a1d" />
    <TestEntry testId="2cb3dac5-421b-f517-e35a-2ac9cdc35e40" executionId="d4c0eea3-fb31-478c-a4a4-f2a689d0db5c" testListId="8c84fa94-04c1-424b-9868-57a2d4851a1d" />
    <TestEntry testId="3018a74a-aebd-e8ea-8854-914e2e810251" executionId="eaead9e8-31d9-49bc-9729-5bb8880112c3" testListId="8c84fa94-04c1-424b-9868-57a2d4851a1d" />
  </TestEntries>
  <Results>
    <UnitTestResult executionId="363fc73e-7556-4f1b-848e-ecf12a72764d" testId="15925deb-0134-a919-246b-03b0252e204b" testName="TestDateMoney" computerName="BIT" duration="00:00:00.0820085" startTime="2013-11-23T11:26:15.0332922+03:00" endTime="2013-11-23T11:26:16.4803750+03:00" testType="13cdc9d9-ddb5-4fa4-a97d-d965ccfc6d4b" outcome="Passed" testListId="8c84fa94-04c1-424b-9868-57a2d4851a1d" relativeResultsDirectory="363fc73e-7556-4f1b-848e-ecf12a72764d">
    </UnitTestResult>
    <UnitTestResult executionId="fe121438-a66e-4d44-b531-a69941e93a38" testId="4a6e3c2a-cdff-cb44-bfce-b966fe7f4e92" testName="TestTakeZeroMoney" computerName="BIT" duration="00:00:00.0012645" startTime="2013-11-23T11:26:16.4963759+03:00" endTime="2013-11-23T11:26:16.5333780+03:00" testType="13cdc9d9-ddb5-4fa4-a97d-d965ccfc6d4b" outcome="Passed" testListId="8c84fa94-04c1-424b-9868-57a2d4851a1d" relativeResultsDirectory="fe121438-a66e-4d44-b531-a69941e93a38">
    </UnitTestResult>
    <UnitTestResult executionId="2a7e1b70-3119-46c6-a6e4-8c643e4c2b4f" testId="300a8941-1e3c-e6eb-656a-297884e66cdc" testName="TestTakeZeroFunds" computerName="BIT" duration="00:00:00.0035015" startTime="2013-11-23T11:26:16.5373782+03:00" endTime="2013-11-23T11:26:16.5593795+03:00" testType="13cdc9d9-ddb5-4fa4-a97d-d965ccfc6d4b" outcome="Passed" testListId="8c84fa94-04c1-424b-9868-57a2d4851a1d" relativeResultsDirectory="2a7e1b70-3119-46c6-a6e4-8c643e4c2b4f">
    </UnitTestResult>
    <UnitTestResult executionId="b30f0d61-b48e-42ab-ba69-b4f88d05b7ee" testId="dc03bd8b-a3d3-84c7-2cae-7cd37717ffb8" testName="TestInvestFundZero" computerName="BIT" duration="00:00:00.0010908" startTime="2013-11-23T11:26:16.5773805+03:00" endTime="2013-11-23T11:26:16.5983817+03:00" testType="13cdc9d9-ddb5-4fa4-a97d-d965ccfc6d4b" outcome="Passed" testListId="8c84fa94-04c1-424b-9868-57a2d4851a1d" relativeResultsDirectory="b30f0d61-b48e-42ab-ba69-b4f88d05b7ee">
    </UnitTestResult>
    <UnitTestResult executionId="71d8e644-67f5-4e2d-8230-acf2ea59a353" testId="4297d39c-ba23-cf48-9be0-9e7a29dc828e" testName="TestAddMoney" computerName="BIT" duration="00:00:00.0012740" startTime="2013-11-23T11:26:16.6013819+03:00" endTime="2013-11-23T11:26:16.6243832+03:00" testType="13cdc9d9-ddb5-4fa4-a97d-d965ccfc6d4b" outcome="Passed" testListId="8c84fa94-04c1-424b-9868-57a2d4851a1d" relativeResultsDirectory="71d8e644-67f5-4e2d-8230-acf2ea59a353">
    </UnitTestResult>
    <UnitTestResult executionId="3b480267-10db-43f2-b979-188d70afe12e" testId="90ece50f-32a0-305a-c5ba-a5afc86a1422" testName="TestTakeMoney" computerName="BIT" duration="00:00:00.0008761" startTime="2013-11-23T11:26:16.6283835+03:00" endTime="2013-11-23T11:26:16.6483846+03:00" testType="13cdc9d9-ddb5-4fa4-a97d-d965ccfc6d4b" outcome="Passed" testListId="8c84fa94-04c1-424b-9868-57a2d4851a1d" relativeResultsDirectory="3b480267-10db-43f2-b979-188d70afe12e">
    </UnitTestResult>
    <UnitTestResult executionId="96e2063b-e8c7-46da-b8c5-4b8846407583" testId="aaa4be66-c77a-afaf-81fb-d8c9c03b6403" testName="TestInvestFunds" computerName="BIT" duration="00:00:00.0007475" startTime="2013-11-23T11:26:16.6533849+03:00" endTime="2013-11-23T11:26:16.6763862+03:00" testType="13cdc9d9-ddb5-4fa4-a97d-d965ccfc6d4b" outcome="Passed" testListId="8c84fa94-04c1-424b-9868-57a2d4851a1d" relativeResultsDirectory="96e2063b-e8c7-46da-b8c5-4b8846407583">
    </UnitTestResult>
    <UnitTestResult executionId="3e55b00d-c039-4a76-b5d4-6ce119e68ca1" testId="bf980352-5ee3-aeef-e438-339ad2c18c5e" testName="TestTakeFunds" computerName="BIT" duration="00:00:00.0007704" startTime="2013-11-23T11:26:16.6853867+03:00" endTime="2013-11-23T11:26:16.7023877+03:00" testType="13cdc9d9-ddb5-4fa4-a97d-d965ccfc6d4b" outcome="Passed" testListId="8c84fa94-04c1-424b-9868-57a2d4851a1d" relativeResultsDirectory="3e55b00d-c039-4a76-b5d4-6ce119e68ca1">
    </UnitTestResult>
    <UnitTestResult executionId="a6ae9982-d69e-4615-80aa-19bc9668aece" testId="134de63e-aad1-5759-9f27-d2edfad63ae1" testName="TestMonthPass" computerName="BIT" duration="00:00:00.0029624" startTime="2013-11-23T11:26:16.7123883+03:00" endTime="2013-11-23T11:26:16.7313893+03:00" testType="13cdc9d9-ddb5-4fa4-a97d-d965ccfc6d4b" outcome="Passed" testListId="8c84fa94-04c1-424b-9868-57a2d4851a1d" relativeResultsDirectory="a6ae9982-d69e-4615-80aa-19bc9668aece">
    </UnitTestResult>
    <UnitTestResult executionId="60e82829-6bcb-4bdc-b105-d0fcd310083d" testId="77936b30-9442-3998-04f5-ba329ad777f5" testName="TestATMLogInOff" computerName="BIT" duration="00:00:00.0101732" startTime="2013-11-23T11:26:16.7423900+03:00" endTime="2013-11-23T11:26:16.7693915+03:00" testType="13cdc9d9-ddb5-4fa4-a97d-d965ccfc6d4b" outcome="Passed" testListId="8c84fa94-04c1-424b-9868-57a2d4851a1d" relativeResultsDirectory="60e82829-6bcb-4bdc-b105-d0fcd310083d">
    </UnitTestResult>
    <UnitTestResult executionId="d4c0eea3-fb31-478c-a4a4-f2a689d0db5c" testId="2cb3dac5-421b-f517-e35a-2ac9cdc35e40" testName="TestTakeMoneyPercent" computerName="BIT" duration="00:00:00.0032111" startTime="2013-11-23T11:26:16.7853924+03:00" endTime="2013-11-23T11:26:16.8133940+03:00" testType="13cdc9d9-ddb5-4fa4-a97d-d965ccfc6d4b" outcome="Passed" testListId="8c84fa94-04c1-424b-9868-57a2d4851a1d" relativeResultsDirectory="d4c0eea3-fb31-478c-a4a4-f2a689d0db5c">
    </UnitTestResult>
    <UnitTestResult executionId="eaead9e8-31d9-49bc-9729-5bb8880112c3" testId="3018a74a-aebd-e8ea-8854-914e2e810251" testName="TestTakeFunds" computerName="BIT" duration="00:00:00.0020657" startTime="2013-11-23T11:26:16.8293950+03:00" endTime="2013-11-23T11:26:16.8613968+03:00" testType="13cdc9d9-ddb5-4fa4-a97d-d965ccfc6d4b" outcome="Passed" testListId="8c84fa94-04c1-424b-9868-57a2d4851a1d" relativeResultsDirectory="eaead9e8-31d9-49bc-9729-5bb8880112c3">
    </UnitTestResult>
  </Results>
</TestRun>