<?xml version="1.0" encoding="UTF-8"?>
<TestRun id="044d44f0-aa4b-4397-83f4-d469415d64ad" name="Виталий@BIT 2013-11-21 21:39:42" runUser="BIT\Виталий" xmlns="http://microsoft.com/schemas/VisualStudio/TeamTest/2010">
  <TestSettings name="Локальные" id="43e8f2e4-915d-42ee-9caa-1579fa5403cf">
    <Description>Это - параметры по умолчанию для локального тестового запуска.</Description>
    <Deployment enabled="false" runDeploymentRoot="Виталий_BIT 2013-11-21 21_39_42">
      <DeploymentItem filename="D:\forgit\TPlab4\TPlab4\TPlab4\bin\Debug\TPlab4.exe" />
    </Deployment>
    <Execution>
      <TestTypeSpecific />
      <AgentRule name="Execution Agents">
      </AgentRule>
    </Execution>
  </TestSettings>
  <Times creation="2013-11-21T21:39:42.3184612+03:00" queuing="2013-11-21T21:39:42.4534690+03:00" start="2013-11-21T21:39:42.4754702+03:00" finish="2013-11-21T21:39:43.7505432+03:00" />
  <ResultSummary outcome="Completed">
    <Counters total="1" executed="1" passed="1" error="0" failed="0" timeout="0" aborted="0" inconclusive="0" passedButRunAborted="0" notRunnable="0" notExecuted="0" disconnected="0" warning="0" completed="0" inProgress="0" pending="0" />
  </ResultSummary>
  <TestDefinitions>
    <UnitTest name="TestMethods" storage="d:\forgit\tplab4\tplab4\testtplab4\bin\debug\testtplab4.dll" id="cc7723dc-8932-36a9-cd40-d6378011e066">
      <Execution id="497766a7-0e0b-4ef6-b173-f765c648ea26" />
      <TestMethod codeBase="D:/forgit/TPlab4/TPlab4/TestTPlab4/bin/Debug/TestTPlab4.DLL" adapterTypeName="Microsoft.VisualStudio.TestTools.TestTypes.Unit.UnitTestAdapter, Microsoft.VisualStudio.QualityTools.Tips.UnitTest.Adapter, Version=10.0.0.0, Culture=neutral, PublicKeyToken=b03f5f7f11d50a3a" className="TestTPlab4.AccountTest, TestTPlab4, Version=1.0.0.0, Culture=neutral, PublicKeyToken=null" name="TestMethods" />
    </UnitTest>
  </TestDefinitions>
  <TestLists>
    <TestList name="Отсутствующие в списке результаты" id="8c84fa94-04c1-424b-9868-57a2d4851a1d" />
    <TestList name="Все загруженные результаты" id="19431567-8539-422a-85d7-44ee4e166bda" />
  </TestLists>
  <TestEntries>
    <TestEntry testId="cc7723dc-8932-36a9-cd40-d6378011e066" executionId="497766a7-0e0b-4ef6-b173-f765c648ea26" testListId="8c84fa94-04c1-424b-9868-57a2d4851a1d" />
  </TestEntries>
  <Results>
    <UnitTestResult executionId="497766a7-0e0b-4ef6-b173-f765c648ea26" testId="cc7723dc-8932-36a9-cd40-d6378011e066" testName="TestMethods" computerName="BIT" duration="00:00:00.0836351" startTime="2013-11-21T21:39:42.4934713+03:00" endTime="2013-11-21T21:39:43.6435370+03:00" testType="13cdc9d9-ddb5-4fa4-a97d-d965ccfc6d4b" outcome="Passed" testListId="8c84fa94-04c1-424b-9868-57a2d4851a1d" relativeResultsDirectory="497766a7-0e0b-4ef6-b173-f765c648ea26">
    </UnitTestResult>
  </Results>
</TestRun>