<?xml version="1.0" encoding="UTF-8"?>
<TestRun id="f0f44544-2490-4f5a-9c8a-c94913ec1865" name="Виталий@BIT 2013-11-23 12:37:47" runUser="BIT\Виталий" xmlns="http://microsoft.com/schemas/VisualStudio/TeamTest/2010">
  <TestSettings name="Локальные" id="43e8f2e4-915d-42ee-9caa-1579fa5403cf">
    <Description>Это - параметры по умолчанию для локального тестового запуска.</Description>
    <Deployment enabled="false" runDeploymentRoot="Виталий_BIT 2013-11-23 12_37_47">
      <DeploymentItem filename="D:\forgit\TPlab4\TPlab4\TPlab4\bin\Debug\TPlab4.exe" />
    </Deployment>
    <Execution>
      <TestTypeSpecific />
      <AgentRule name="Execution Agents">
      </AgentRule>
    </Execution>
  </TestSettings>
  <Times creation="2013-11-23T12:37:47.9974973+03:00" queuing="2013-11-23T12:37:48.9795535+03:00" start="2013-11-23T12:37:49.2325680+03:00" finish="2013-11-23T12:37:51.0546722+03:00" />
  <ResultSummary outcome="Completed">
    <Counters total="12" executed="12" passed="12" error="0" failed="0" timeout="0" aborted="0" inconclusive="0" passedButRunAborted="0" notRunnable="0" notExecuted="0" disconnected="0" warning="0" completed="0" inProgress="0" pending="0" />
  </ResultSummary>
  <TestDefinitions>
    <UnitTest name="TestTakeMoneyPercent" storage="d:\forgit\tplab4\tplab4\testtplab4\bin\debug\testtplab4.dll" id="2cb3dac5-421b-f517-e35a-2ac9cdc35e40">
      <Execution id="a0b13978-8f94-4638-964b-bff6594e6ef1" />
      <TestMethod codeBase="D:/forgit/TPlab4/TPlab4/TestTPlab4/bin/Debug/TestTPlab4.DLL" adapterTypeName="Microsoft.VisualStudio.TestTools.TestTypes.Unit.UnitTestAdapter, Microsoft.VisualStudio.QualityTools.Tips.UnitTest.Adapter, Version=10.0.0.0, Culture=neutral, PublicKeyToken=b03f5f7f11d50a3a" className="TestTPlab4.OverdraftAccountTest, TestTPlab4, Version=1.0.0.0, Culture=neutral, PublicKeyToken=null" name="TestTakeMoneyPercent" />
    </UnitTest>
    <UnitTest name="TestATMLogInOff" storage="d:\forgit\tplab4\tplab4\testtplab4\bin\debug\testtplab4.dll" id="77936b30-9442-3998-04f5-ba329ad777f5">
      <Execution id="e724a82e-ca2d-4b4f-b5ae-8f10bcc8c20a" />
      <TestMethod codeBase="D:/forgit/TPlab4/TPlab4/TestTPlab4/bin/Debug/TestTPlab4.DLL" adapterTypeName="Microsoft.VisualStudio.TestTools.TestTypes.Unit.UnitTestAdapter, Microsoft.VisualStudio.QualityTools.Tips.UnitTest.Adapter, Version=10.0.0.0, Culture=neutral, PublicKeyToken=b03f5f7f11d50a3a" className="TestTPlab4.ATMTest, TestTPlab4, Version=1.0.0.0, Culture=neutral, PublicKeyToken=null" name="TestATMLogInOff" />
    </UnitTest>
    <UnitTest name="TestAddMoney" storage="d:\forgit\tplab4\tplab4\testtplab4\bin\debug\testtplab4.dll" id="4297d39c-ba23-cf48-9be0-9e7a29dc828e">
      <Execution id="8a1cfcf8-9ee8-4088-aa64-0bdd6e0c1a35" />
      <TestMethod codeBase="D:/forgit/TPlab4/TPlab4/TestTPlab4/bin/Debug/TestTPlab4.DLL" adapterTypeName="Microsoft.VisualStudio.TestTools.TestTypes.Unit.UnitTestAdapter, Microsoft.VisualStudio.QualityTools.Tips.UnitTest.Adapter, Version=10.0.0.0, Culture=neutral, PublicKeyToken=b03f5f7f11d50a3a" className="TestTPlab4.AccountTest, TestTPlab4, Version=1.0.0.0, Culture=neutral, PublicKeyToken=null" name="TestAddMoney" />
    </UnitTest>
    <UnitTest name="TestTakeFunds" storage="d:\forgit\tplab4\tplab4\testtplab4\bin\debug\testtplab4.dll" id="bf980352-5ee3-aeef-e438-339ad2c18c5e">
      <Execution id="20e7c097-92c0-4b11-ba4a-3e83c6cbdde0" />
      <TestMethod codeBase="D:/forgit/TPlab4/TPlab4/TestTPlab4/bin/Debug/TestTPlab4.DLL" adapterTypeName="Microsoft.VisualStudio.TestTools.TestTypes.Unit.UnitTestAdapter, Microsoft.VisualStudio.QualityTools.Tips.UnitTest.Adapter, Version=10.0.0.0, Culture=neutral, PublicKeyToken=b03f5f7f11d50a3a" className="TestTPlab4.AccountTest, TestTPlab4, Version=1.0.0.0, Culture=neutral, PublicKeyToken=null" name="TestTakeFunds" />
    </UnitTest>
    <UnitTest name="TestTakeZeroMoney" storage="d:\forgit\tplab4\tplab4\testtplab4\bin\debug\testtplab4.dll" id="4a6e3c2a-cdff-cb44-bfce-b966fe7f4e92">
      <Execution id="0bcd8d70-b076-4968-be88-f4a337544ab1" />
      <TestMethod codeBase="D:/forgit/TPlab4/TPlab4/TestTPlab4/bin/Debug/TestTPlab4.DLL" adapterTypeName="Microsoft.VisualStudio.TestTools.TestTypes.Unit.UnitTestAdapter, Microsoft.VisualStudio.QualityTools.Tips.UnitTest.Adapter, Version=10.0.0.0, Culture=neutral, PublicKeyToken=b03f5f7f11d50a3a" className="TestTPlab4.AccountTest, TestTPlab4, Version=1.0.0.0, Culture=neutral, PublicKeyToken=null" name="TestTakeZeroMoney" />
    </UnitTest>
    <UnitTest name="TestTakeFunds" storage="d:\forgit\tplab4\tplab4\testtplab4\bin\debug\testtplab4.dll" id="3018a74a-aebd-e8ea-8854-914e2e810251">
      <Execution id="b77997af-4ef9-4876-9d89-c6a743c71752" />
      <TestMethod codeBase="D:/forgit/TPlab4/TPlab4/TestTPlab4/bin/Debug/TestTPlab4.DLL" adapterTypeName="Microsoft.VisualStudio.TestTools.TestTypes.Unit.UnitTestAdapter, Microsoft.VisualStudio.QualityTools.Tips.UnitTest.Adapter, Version=10.0.0.0, Culture=neutral, PublicKeyToken=b03f5f7f11d50a3a" className="TestTPlab4.SavingAccountTest, TestTPlab4, Version=1.0.0.0, Culture=neutral, PublicKeyToken=null" name="TestTakeFunds" />
    </UnitTest>
    <UnitTest name="TestTakeMoney" storage="d:\forgit\tplab4\tplab4\testtplab4\bin\debug\testtplab4.dll" id="90ece50f-32a0-305a-c5ba-a5afc86a1422">
      <Execution id="c3a33223-aa78-44cc-a2e2-b2ae74ede270" />
      <TestMethod codeBase="D:/forgit/TPlab4/TPlab4/TestTPlab4/bin/Debug/TestTPlab4.DLL" adapterTypeName="Microsoft.VisualStudio.TestTools.TestTypes.Unit.UnitTestAdapter, Microsoft.VisualStudio.QualityTools.Tips.UnitTest.Adapter, Version=10.0.0.0, Culture=neutral, PublicKeyToken=b03f5f7f11d50a3a" className="TestTPlab4.AccountTest, TestTPlab4, Version=1.0.0.0, Culture=neutral, PublicKeyToken=null" name="TestTakeMoney" />
    </UnitTest>
    <UnitTest name="TestDateMoney" storage="d:\forgit\tplab4\tplab4\testtplab4\bin\debug\testtplab4.dll" id="15925deb-0134-a919-246b-03b0252e204b">
      <Execution id="bf7a84e2-46ff-46a1-bed2-fdf1232c1c34" />
      <TestMethod codeBase="D:/forgit/TPlab4/TPlab4/TestTPlab4/bin/Debug/TestTPlab4.DLL" adapterTypeName="Microsoft.VisualStudio.TestTools.TestTypes.Unit.UnitTestAdapter, Microsoft.VisualStudio.QualityTools.Tips.UnitTest.Adapter, Version=10.0.0.0, Culture=neutral, PublicKeyToken=b03f5f7f11d50a3a" className="TestTPlab4.TimedRepaidTest, TestTPlab4, Version=1.0.0.0, Culture=neutral, PublicKeyToken=null" name="TestDateMoney" />
    </UnitTest>
    <UnitTest name="TestMonthPass" storage="d:\forgit\tplab4\tplab4\testtplab4\bin\debug\testtplab4.dll" id="134de63e-aad1-5759-9f27-d2edfad63ae1">
      <Execution id="7c630e51-7ae2-4b6e-84ad-82583156e4e7" />
      <TestMethod codeBase="D:/forgit/TPlab4/TPlab4/TestTPlab4/bin/Debug/TestTPlab4.DLL" adapterTypeName="Microsoft.VisualStudio.TestTools.TestTypes.Unit.UnitTestAdapter, Microsoft.VisualStudio.QualityTools.Tips.UnitTest.Adapter, Version=10.0.0.0, Culture=neutral, PublicKeyToken=b03f5f7f11d50a3a" className="TestTPlab4.CheckingAccountTest, TestTPlab4, Version=1.0.0.0, Culture=neutral, PublicKeyToken=null" name="TestMonthPass" />
    </UnitTest>
    <UnitTest name="TestInvestFundZero" storage="d:\forgit\tplab4\tplab4\testtplab4\bin\debug\testtplab4.dll" id="dc03bd8b-a3d3-84c7-2cae-7cd37717ffb8">
      <Execution id="34ac368c-fcb8-4416-a3ec-681defac648d" />
      <TestMethod codeBase="D:/forgit/TPlab4/TPlab4/TestTPlab4/bin/Debug/TestTPlab4.DLL" adapterTypeName="Microsoft.VisualStudio.TestTools.TestTypes.Unit.UnitTestAdapter, Microsoft.VisualStudio.QualityTools.Tips.UnitTest.Adapter, Version=10.0.0.0, Culture=neutral, PublicKeyToken=b03f5f7f11d50a3a" className="TestTPlab4.AccountTest, TestTPlab4, Version=1.0.0.0, Culture=neutral, PublicKeyToken=null" name="TestInvestFundZero" />
    </UnitTest>
    <UnitTest name="TestTakeZeroFunds" storage="d:\forgit\tplab4\tplab4\testtplab4\bin\debug\testtplab4.dll" id="300a8941-1e3c-e6eb-656a-297884e66cdc">
      <Execution id="f177a591-6b1e-413b-b94d-8fa71bd73a89" />
      <TestMethod codeBase="D:/forgit/TPlab4/TPlab4/TestTPlab4/bin/Debug/TestTPlab4.DLL" adapterTypeName="Microsoft.VisualStudio.TestTools.TestTypes.Unit.UnitTestAdapter, Microsoft.VisualStudio.QualityTools.Tips.UnitTest.Adapter, Version=10.0.0.0, Culture=neutral, PublicKeyToken=b03f5f7f11d50a3a" className="TestTPlab4.AccountTest, TestTPlab4, Version=1.0.0.0, Culture=neutral, PublicKeyToken=null" name="TestTakeZeroFunds" />
    </UnitTest>
    <UnitTest name="TestInvestFunds" storage="d:\forgit\tplab4\tplab4\testtplab4\bin\debug\testtplab4.dll" id="aaa4be66-c77a-afaf-81fb-d8c9c03b6403">
      <Execution id="99d86d91-03ea-48d5-bcf2-fad9f057b16c" />
      <TestMethod codeBase="D:/forgit/TPlab4/TPlab4/TestTPlab4/bin/Debug/TestTPlab4.DLL" adapterTypeName="Microsoft.VisualStudio.TestTools.TestTypes.Unit.UnitTestAdapter, Microsoft.VisualStudio.QualityTools.Tips.UnitTest.Adapter, Version=10.0.0.0, Culture=neutral, PublicKeyToken=b03f5f7f11d50a3a" className="TestTPlab4.AccountTest, TestTPlab4, Version=1.0.0.0, Culture=neutral, PublicKeyToken=null" name="TestInvestFunds" />
    </UnitTest>
  </TestDefinitions>
  <TestLists>
    <TestList name="Отсутствующие в списке результаты" id="8c84fa94-04c1-424b-9868-57a2d4851a1d" />
    <TestList name="Все загруженные результаты" id="19431567-8539-422a-85d7-44ee4e166bda" />
  </TestLists>
  <TestEntries>
    <TestEntry testId="15925deb-0134-a919-246b-03b0252e204b" executionId="bf7a84e2-46ff-46a1-bed2-fdf1232c1c34" testListId="8c84fa94-04c1-424b-9868-57a2d4851a1d" />
    <TestEntry testId="4a6e3c2a-cdff-cb44-bfce-b966fe7f4e92" executionId="0bcd8d70-b076-4968-be88-f4a337544ab1" testListId="8c84fa94-04c1-424b-9868-57a2d4851a1d" />
    <TestEntry testId="300a8941-1e3c-e6eb-656a-297884e66cdc" executionId="f177a591-6b1e-413b-b94d-8fa71bd73a89" testListId="8c84fa94-04c1-424b-9868-57a2d4851a1d" />
    <TestEntry testId="dc03bd8b-a3d3-84c7-2cae-7cd37717ffb8" executionId="34ac368c-fcb8-4416-a3ec-681defac648d" testListId="8c84fa94-04c1-424b-9868-57a2d4851a1d" />
    <TestEntry testId="4297d39c-ba23-cf48-9be0-9e7a29dc828e" executionId="8a1cfcf8-9ee8-4088-aa64-0bdd6e0c1a35" testListId="8c84fa94-04c1-424b-9868-57a2d4851a1d" />
    <TestEntry testId="90ece50f-32a0-305a-c5ba-a5afc86a1422" executionId="c3a33223-aa78-44cc-a2e2-b2ae74ede270" testListId="8c84fa94-04c1-424b-9868-57a2d4851a1d" />
    <TestEntry testId="aaa4be66-c77a-afaf-81fb-d8c9c03b6403" executionId="99d86d91-03ea-48d5-bcf2-fad9f057b16c" testListId="8c84fa94-04c1-424b-9868-57a2d4851a1d" />
    <TestEntry testId="bf980352-5ee3-aeef-e438-339ad2c18c5e" executionId="20e7c097-92c0-4b11-ba4a-3e83c6cbdde0" testListId="8c84fa94-04c1-424b-9868-57a2d4851a1d" />
    <TestEntry testId="134de63e-aad1-5759-9f27-d2edfad63ae1" executionId="7c630e51-7ae2-4b6e-84ad-82583156e4e7" testListId="8c84fa94-04c1-424b-9868-57a2d4851a1d" />
    <TestEntry testId="77936b30-9442-3998-04f5-ba329ad777f5" executionId="e724a82e-ca2d-4b4f-b5ae-8f10bcc8c20a" testListId="8c84fa94-04c1-424b-9868-57a2d4851a1d" />
    <TestEntry testId="2cb3dac5-421b-f517-e35a-2ac9cdc35e40" executionId="a0b13978-8f94-4638-964b-bff6594e6ef1" testListId="8c84fa94-04c1-424b-9868-57a2d4851a1d" />
    <TestEntry testId="3018a74a-aebd-e8ea-8854-914e2e810251" executionId="b77997af-4ef9-4876-9d89-c6a743c71752" testListId="8c84fa94-04c1-424b-9868-57a2d4851a1d" />
  </TestEntries>
  <Results>
    <UnitTestResult executionId="bf7a84e2-46ff-46a1-bed2-fdf1232c1c34" testId="15925deb-0134-a919-246b-03b0252e204b" testName="TestDateMoney" computerName="BIT" duration="00:00:00.0573483" startTime="2013-11-23T12:37:49.2865711+03:00" endTime="2013-11-23T12:37:50.5786450+03:00" testType="13cdc9d9-ddb5-4fa4-a97d-d965ccfc6d4b" outcome="Passed" testListId="8c84fa94-04c1-424b-9868-57a2d4851a1d" relativeResultsDirectory="bf7a84e2-46ff-46a1-bed2-fdf1232c1c34">
    </UnitTestResult>
    <UnitTestResult executionId="0bcd8d70-b076-4968-be88-f4a337544ab1" testId="4a6e3c2a-cdff-cb44-bfce-b966fe7f4e92" testName="TestTakeZeroMoney" computerName="BIT" duration="00:00:00.0012795" startTime="2013-11-23T12:37:50.5946459+03:00" endTime="2013-11-23T12:37:50.6306479+03:00" testType="13cdc9d9-ddb5-4fa4-a97d-d965ccfc6d4b" outcome="Passed" testListId="8c84fa94-04c1-424b-9868-57a2d4851a1d" relativeResultsDirectory="0bcd8d70-b076-4968-be88-f4a337544ab1">
    </UnitTestResult>
    <UnitTestResult executionId="f177a591-6b1e-413b-b94d-8fa71bd73a89" testId="300a8941-1e3c-e6eb-656a-297884e66cdc" testName="TestTakeZeroFunds" computerName="BIT" duration="00:00:00.0034921" startTime="2013-11-23T12:37:50.6366483+03:00" endTime="2013-11-23T12:37:50.6616497+03:00" testType="13cdc9d9-ddb5-4fa4-a97d-d965ccfc6d4b" outcome="Passed" testListId="8c84fa94-04c1-424b-9868-57a2d4851a1d" relativeResultsDirectory="f177a591-6b1e-413b-b94d-8fa71bd73a89">
    </UnitTestResult>
    <UnitTestResult executionId="34ac368c-fcb8-4416-a3ec-681defac648d" testId="dc03bd8b-a3d3-84c7-2cae-7cd37717ffb8" testName="TestInvestFundZero" computerName="BIT" duration="00:00:00.0011193" startTime="2013-11-23T12:37:50.6726504+03:00" endTime="2013-11-23T12:37:50.6926515+03:00" testType="13cdc9d9-ddb5-4fa4-a97d-d965ccfc6d4b" outcome="Passed" testListId="8c84fa94-04c1-424b-9868-57a2d4851a1d" relativeResultsDirectory="34ac368c-fcb8-4416-a3ec-681defac648d">
    </UnitTestResult>
    <UnitTestResult executionId="8a1cfcf8-9ee8-4088-aa64-0bdd6e0c1a35" testId="4297d39c-ba23-cf48-9be0-9e7a29dc828e" testName="TestAddMoney" computerName="BIT" duration="00:00:00.0011327" startTime="2013-11-23T12:37:50.7016520+03:00" endTime="2013-11-23T12:37:50.7196530+03:00" testType="13cdc9d9-ddb5-4fa4-a97d-d965ccfc6d4b" outcome="Passed" testListId="8c84fa94-04c1-424b-9868-57a2d4851a1d" relativeResultsDirectory="8a1cfcf8-9ee8-4088-aa64-0bdd6e0c1a35">
    </UnitTestResult>
    <UnitTestResult executionId="c3a33223-aa78-44cc-a2e2-b2ae74ede270" testId="90ece50f-32a0-305a-c5ba-a5afc86a1422" testName="TestTakeMoney" computerName="BIT" duration="00:00:00.0007656" startTime="2013-11-23T12:37:50.7266534+03:00" endTime="2013-11-23T12:37:50.7446545+03:00" testType="13cdc9d9-ddb5-4fa4-a97d-d965ccfc6d4b" outcome="Passed" testListId="8c84fa94-04c1-424b-9868-57a2d4851a1d" relativeResultsDirectory="c3a33223-aa78-44cc-a2e2-b2ae74ede270">
    </UnitTestResult>
    <UnitTestResult executionId="99d86d91-03ea-48d5-bcf2-fad9f057b16c" testId="aaa4be66-c77a-afaf-81fb-d8c9c03b6403" testName="TestInvestFunds" computerName="BIT" duration="00:00:00.0007554" startTime="2013-11-23T12:37:50.7526549+03:00" endTime="2013-11-23T12:37:50.7716560+03:00" testType="13cdc9d9-ddb5-4fa4-a97d-d965ccfc6d4b" outcome="Passed" testListId="8c84fa94-04c1-424b-9868-57a2d4851a1d" relativeResultsDirectory="99d86d91-03ea-48d5-bcf2-fad9f057b16c">
    </UnitTestResult>
    <UnitTestResult executionId="20e7c097-92c0-4b11-ba4a-3e83c6cbdde0" testId="bf980352-5ee3-aeef-e438-339ad2c18c5e" testName="TestTakeFunds" computerName="BIT" duration="00:00:00.0007333" startTime="2013-11-23T12:37:50.7796565+03:00" endTime="2013-11-23T12:37:50.7976575+03:00" testType="13cdc9d9-ddb5-4fa4-a97d-d965ccfc6d4b" outcome="Passed" testListId="8c84fa94-04c1-424b-9868-57a2d4851a1d" relativeResultsDirectory="20e7c097-92c0-4b11-ba4a-3e83c6cbdde0">
    </UnitTestResult>
    <UnitTestResult executionId="7c630e51-7ae2-4b6e-84ad-82583156e4e7" testId="134de63e-aad1-5759-9f27-d2edfad63ae1" testName="TestMonthPass" computerName="BIT" duration="00:00:00.0027398" startTime="2013-11-23T12:37:50.8056580+03:00" endTime="2013-11-23T12:37:50.8256591+03:00" testType="13cdc9d9-ddb5-4fa4-a97d-d965ccfc6d4b" outcome="Passed" testListId="8c84fa94-04c1-424b-9868-57a2d4851a1d" relativeResultsDirectory="7c630e51-7ae2-4b6e-84ad-82583156e4e7">
    </UnitTestResult>
    <UnitTestResult executionId="e724a82e-ca2d-4b4f-b5ae-8f10bcc8c20a" testId="77936b30-9442-3998-04f5-ba329ad777f5" testName="TestATMLogInOff" computerName="BIT" duration="00:00:00.0098353" startTime="2013-11-23T12:37:50.8336596+03:00" endTime="2013-11-23T12:37:50.8606611+03:00" testType="13cdc9d9-ddb5-4fa4-a97d-d965ccfc6d4b" outcome="Passed" testListId="8c84fa94-04c1-424b-9868-57a2d4851a1d" relativeResultsDirectory="e724a82e-ca2d-4b4f-b5ae-8f10bcc8c20a">
    </UnitTestResult>
    <UnitTestResult executionId="a0b13978-8f94-4638-964b-bff6594e6ef1" testId="2cb3dac5-421b-f517-e35a-2ac9cdc35e40" testName="TestTakeMoneyPercent" computerName="BIT" duration="00:00:00.0025946" startTime="2013-11-23T12:37:50.8696616+03:00" endTime="2013-11-23T12:37:50.9156643+03:00" testType="13cdc9d9-ddb5-4fa4-a97d-d965ccfc6d4b" outcome="Passed" testListId="8c84fa94-04c1-424b-9868-57a2d4851a1d" relativeResultsDirectory="a0b13978-8f94-4638-964b-bff6594e6ef1">
    </UnitTestResult>
    <UnitTestResult executionId="b77997af-4ef9-4876-9d89-c6a743c71752" testId="3018a74a-aebd-e8ea-8854-914e2e810251" testName="TestTakeFunds" computerName="BIT" duration="00:00:00.0029766" startTime="2013-11-23T12:37:50.9426658+03:00" endTime="2013-11-23T12:37:50.9796679+03:00" testType="13cdc9d9-ddb5-4fa4-a97d-d965ccfc6d4b" outcome="Passed" testListId="8c84fa94-04c1-424b-9868-57a2d4851a1d" relativeResultsDirectory="b77997af-4ef9-4876-9d89-c6a743c71752">
    </UnitTestResult>
  </Results>
</TestRun>